c:\users\wojti\source\repos\grafika0404\grafikakroczakzadanie3\debug\vc141.pdb
c:\users\wojti\source\repos\grafika0404\grafikakroczakzadanie3\debug\vc141.idb
c:\users\wojti\source\repos\grafika0404\grafikakroczakzadanie3\debug\source.obj
c:\users\wojti\source\repos\grafika0404\grafikakroczakzadanie3\debug\przeksztalcenia.obj
c:\users\wojti\source\repos\grafika0404\debug\grafikakroczakzadanie3.pdb
c:\users\wojti\source\repos\grafika0404\grafikakroczakzadanie3\debug\grafikak.03c0ae13.tlog\cl.command.1.tlog
c:\users\wojti\source\repos\grafika0404\grafikakroczakzadanie3\debug\grafikak.03c0ae13.tlog\cl.read.1.tlog
c:\users\wojti\source\repos\grafika0404\grafikakroczakzadanie3\debug\grafikak.03c0ae13.tlog\cl.write.1.tlog
c:\users\wojti\source\repos\grafika0404\grafikakroczakzadanie3\debug\grafikak.03c0ae13.tlog\link-cvtres.read.1.tlog
c:\users\wojti\source\repos\grafika0404\grafikakroczakzadanie3\debug\grafikak.03c0ae13.tlog\link-cvtres.write.1.tlog
c:\users\wojti\source\repos\grafika0404\grafikakroczakzadanie3\debug\grafikak.03c0ae13.tlog\link-rc.read.1.tlog
c:\users\wojti\source\repos\grafika0404\grafikakroczakzadanie3\debug\grafikak.03c0ae13.tlog\link-rc.write.1.tlog
c:\users\wojti\source\repos\grafika0404\grafikakroczakzadanie3\debug\grafikak.03c0ae13.tlog\link.13492-cvtres.read.1.tlog
c:\users\wojti\source\repos\grafika0404\grafikakroczakzadanie3\debug\grafikak.03c0ae13.tlog\link.13492-cvtres.write.1.tlog
c:\users\wojti\source\repos\grafika0404\grafikakroczakzadanie3\debug\grafikak.03c0ae13.tlog\link.13492-rc.read.1.tlog
c:\users\wojti\source\repos\grafika0404\grafikakroczakzadanie3\debug\grafikak.03c0ae13.tlog\link.13492-rc.write.1.tlog
c:\users\wojti\source\repos\grafika0404\grafikakroczakzadanie3\debug\grafikak.03c0ae13.tlog\link.13492.read.1.tlog
c:\users\wojti\source\repos\grafika0404\grafikakroczakzadanie3\debug\grafikak.03c0ae13.tlog\link.13492.write.1.tlog
c:\users\wojti\source\repos\grafika0404\grafikakroczakzadanie3\debug\grafikak.03c0ae13.tlog\link.command.1.tlog
c:\users\wojti\source\repos\grafika0404\grafikakroczakzadanie3\debug\grafikak.03c0ae13.tlog\link.read.1.tlog
c:\users\wojti\source\repos\grafika0404\grafikakroczakzadanie3\debug\grafikak.03c0ae13.tlog\link.write.1.tlog
